Build started 11/24/2014 11:13:21 PM.
     1>Project "C:\Users\Rodolfo\Documents\UTPA\Fall 2014\Systems Programming\3334-GitHub\phase3\VisualStudioVersion\Phase3\Phase3\Phase3.vcxproj" on node 2 (Build target(s)).
     1>ClCompile:
         C:\Program Files (x86)\Microsoft Visual Studio 12.0\VC\bin\CL.exe /c /ZI /nologo /W3 /WX- /sdl /Od /Oy- /D WIN32 /D _DEBUG /D _CONSOLE /D _LIB /D _CRT_SECURE_NO_WARNINGS /D _UNICODE /D UNICODE /Gm /EHsc /RTC1 /MDd /GS /fp:precise /Zc:wchar_t /Zc:forScope /Fo"Debug\\" /Fd"Debug\vc120.pdb" /Gd /TP /analyze- /errorReport:prompt main.cpp
         main.cpp
     1>c:\users\rodolfo\documents\utpa\fall 2014\systems programming\3334-github\phase3\visualstudioversion\phase3\phase3\assembler_classes.h(201): warning C4018: '<' : signed/unsigned mismatch
     1>c:\users\rodolfo\documents\utpa\fall 2014\systems programming\3334-github\phase3\visualstudioversion\phase3\phase3\sicengine.h(395): warning C4101: 'j' : unreferenced local variable
     1>c:\users\rodolfo\documents\utpa\fall 2014\systems programming\3334-github\phase3\visualstudioversion\phase3\phase3\sicengine.h(749): warning C4244: '=' : conversion from 'ADDRESS' to 'BYTE', possible loss of data
     1>c:\users\rodolfo\documents\utpa\fall 2014\systems programming\3334-github\phase3\visualstudioversion\phase3\phase3\sicengine.h(764): warning C4101: 'i' : unreferenced local variable
     1>c:\users\rodolfo\documents\utpa\fall 2014\systems programming\3334-github\phase3\visualstudioversion\phase3\phase3\sicengine.h(765): warning C4101: 'result' : unreferenced local variable
     1>c:\users\rodolfo\documents\utpa\fall 2014\systems programming\3334-github\phase3\visualstudioversion\phase3\phase3\sicengine.h(990): warning C4101: 'i' : unreferenced local variable
     1>c:\users\rodolfo\documents\utpa\fall 2014\systems programming\3334-github\phase3\visualstudioversion\phase3\phase3\sicengine.h(1186): warning C4554: '&' : check operator precedence for possible error; use parentheses to clarify precedence
     1>c:\users\rodolfo\documents\utpa\fall 2014\systems programming\3334-github\phase3\visualstudioversion\phase3\phase3\sicengine.h(1190): warning C4554: '&' : check operator precedence for possible error; use parentheses to clarify precedence
     1>c:\users\rodolfo\documents\utpa\fall 2014\systems programming\3334-github\phase3\visualstudioversion\phase3\phase3\sicengine.h(1285): warning C4101: 'modes' : unreferenced local variable
     1>c:\users\rodolfo\documents\utpa\fall 2014\systems programming\3334-github\phase3\visualstudioversion\phase3\phase3\sicengine.h(1285): warning C4101: 'flags' : unreferenced local variable
     1>c:\users\rodolfo\documents\utpa\fall 2014\systems programming\3334-github\phase3\visualstudioversion\phase3\phase3\sicengine.h(1285): warning C4101: 'i' : unreferenced local variable
     1>c:\users\rodolfo\documents\utpa\fall 2014\systems programming\3334-github\phase3\visualstudioversion\phase3\phase3\sicengine.h(1368): warning C4101: 'fmt3' : unreferenced local variable
     1>c:\users\rodolfo\documents\utpa\fall 2014\systems programming\3334-github\phase3\visualstudioversion\phase3\phase3\sicengine.h(1363): warning C4101: 'i' : unreferenced local variable
     1>c:\users\rodolfo\documents\utpa\fall 2014\systems programming\3334-github\phase3\visualstudioversion\phase3\phase3\sicengine.h(1368): warning C4101: 'fmt2' : unreferenced local variable
     1>c:\users\rodolfo\documents\utpa\fall 2014\systems programming\3334-github\phase3\visualstudioversion\phase3\phase3\sicengine.h(1368): warning C4101: 'fmt1' : unreferenced local variable
     1>c:\users\rodolfo\documents\utpa\fall 2014\systems programming\3334-github\phase3\visualstudioversion\phase3\phase3\sicengine.h(1366): warning C4101: 'disp' : unreferenced local variable
     1>c:\users\rodolfo\documents\utpa\fall 2014\systems programming\3334-github\phase3\visualstudioversion\phase3\phase3\sicengine.h(1368): warning C4101: 'fmt4' : unreferenced local variable
     1>c:\users\rodolfo\documents\utpa\fall 2014\systems programming\3334-github\phase3\visualstudioversion\phase3\phase3\sicengine.h(1366): warning C4101: 'addr' : unreferenced local variable
     1>c:\users\rodolfo\documents\utpa\fall 2014\systems programming\3334-github\phase3\visualstudioversion\phase3\phase3\assemble.h(488): warning C4018: '<' : signed/unsigned mismatch
     1>c:\users\rodolfo\documents\utpa\fall 2014\systems programming\3334-github\phase3\visualstudioversion\phase3\phase3\assemble.h(495): warning C4018: '<' : signed/unsigned mismatch
     1>c:\users\rodolfo\documents\utpa\fall 2014\systems programming\3334-github\phase3\visualstudioversion\phase3\phase3\assemble.h(511): warning C4018: '<' : signed/unsigned mismatch
     1>c:\users\rodolfo\documents\utpa\fall 2014\systems programming\3334-github\phase3\visualstudioversion\phase3\phase3\assemble.h(516): warning C4244: 'initializing' : conversion from 'long' to 'BYTE', possible loss of data
     1>c:\users\rodolfo\documents\utpa\fall 2014\systems programming\3334-github\phase3\visualstudioversion\phase3\phase3\functions.h(46): warning C4018: '<' : signed/unsigned mismatch
     1>c:\users\rodolfo\documents\utpa\fall 2014\systems programming\3334-github\phase3\visualstudioversion\phase3\phase3\assemble.h(68): warning C4715: 'byteSize' : not all control paths return a value
     1>c:\users\rodolfo\documents\utpa\fall 2014\systems programming\3334-github\phase3\visualstudioversion\phase3\phase3\assembler_classes.h(160): warning C4715: 'opTab::getOpcode' : not all control paths return a value
       Link:
         C:\Program Files (x86)\Microsoft Visual Studio 12.0\VC\bin\link.exe /ERRORREPORT:PROMPT /OUT:"C:\Users\Rodolfo\Documents\UTPA\Fall 2014\Systems Programming\3334-GitHub\phase3\VisualStudioVersion\Phase3\Debug\Phase3.exe" /INCREMENTAL /NOLOGO kernel32.lib user32.lib gdi32.lib winspool.lib comdlg32.lib advapi32.lib shell32.lib ole32.lib oleaut32.lib uuid.lib odbc32.lib odbccp32.lib /MANIFEST /MANIFESTUAC:"level='asInvoker' uiAccess='false'" /manifest:embed /DEBUG /PDB:"C:\Users\Rodolfo\Documents\UTPA\Fall 2014\Systems Programming\3334-GitHub\phase3\VisualStudioVersion\Phase3\Debug\Phase3.pdb" /SUBSYSTEM:CONSOLE /TLBID:1 /DYNAMICBASE /NXCOMPAT /IMPLIB:"C:\Users\Rodolfo\Documents\UTPA\Fall 2014\Systems Programming\3334-GitHub\phase3\VisualStudioVersion\Phase3\Debug\Phase3.lib" /MACHINE:X86 Debug\main.obj
         Phase3.vcxproj -> C:\Users\Rodolfo\Documents\UTPA\Fall 2014\Systems Programming\3334-GitHub\phase3\VisualStudioVersion\Phase3\Debug\Phase3.exe
     1>Done Building Project "C:\Users\Rodolfo\Documents\UTPA\Fall 2014\Systems Programming\3334-GitHub\phase3\VisualStudioVersion\Phase3\Phase3\Phase3.vcxproj" (Build target(s)).

Build succeeded.

Time Elapsed 00:00:00.83
